<?xml version="1.0" encoding="UTF-8"?>
<testng-results ignored="0" total="1" passed="1" failed="0" skipped="0">
  <reporter-output>
  </reporter-output>
  <suite started-at="2024-01-04T12:40:22 IST" name="Default suite" finished-at="2024-01-04T12:40:36 IST" duration-ms="13675">
    <groups>
    </groups>
    <test started-at="2024-01-04T12:40:22 IST" name="Default test" finished-at="2024-01-04T12:40:36 IST" duration-ms="13675">
      <class name="shoppingcart.TC_DWS_003_Test">
        <test-method is-config="true" signature="configReports()[pri:0, instance:shoppingcart.TC_DWS_003_Test@5c6648b0]" started-at="2024-01-04T12:40:22 IST" name="configReports" finished-at="2024-01-04T12:40:22 IST" duration-ms="154" status="PASS">
          <reporter-output>
          </reporter-output>
        </test-method> <!-- configReports -->
        <test-method is-config="true" signature="launchBrowser(java.lang.String)[pri:0, instance:shoppingcart.TC_DWS_003_Test@5c6648b0]" started-at="2024-01-04T12:40:22 IST" name="launchBrowser" finished-at="2024-01-04T12:40:26 IST" duration-ms="3550" status="PASS">
          <params>
            <param index="0">
              <value>
                <![CDATA[chrome]]>
              </value>
            </param>
          </params>
          <reporter-output>
          </reporter-output>
        </test-method> <!-- launchBrowser -->
        <test-method is-config="true" signature="login(java.lang.reflect.Method)[pri:0, instance:shoppingcart.TC_DWS_003_Test@5c6648b0]" started-at="2024-01-04T12:40:26 IST" name="login" finished-at="2024-01-04T12:40:28 IST" duration-ms="2188" status="PASS">
          <params>
            <param index="0">
              <value>
                <![CDATA[public void shoppingcart.TC_DWS_003_Test.addToCart() throws org.apache.poi.EncryptedDocumentException,java.io.IOException]]>
              </value>
            </param>
          </params>
          <reporter-output>
          </reporter-output>
        </test-method> <!-- login -->
        <test-method signature="addToCart()[pri:0, instance:shoppingcart.TC_DWS_003_Test@5c6648b0]" started-at="2024-01-04T12:40:28 IST" name="addToCart" finished-at="2024-01-04T12:40:35 IST" duration-ms="6549" status="PASS">
          <reporter-output>
          </reporter-output>
        </test-method> <!-- addToCart -->
        <test-method is-config="true" signature="logout()[pri:0, instance:shoppingcart.TC_DWS_003_Test@5c6648b0]" started-at="2024-01-04T12:40:35 IST" name="logout" finished-at="2024-01-04T12:40:36 IST" duration-ms="1108" status="PASS">
          <reporter-output>
          </reporter-output>
        </test-method> <!-- logout -->
        <test-method is-config="true" signature="closeBrowser()[pri:0, instance:shoppingcart.TC_DWS_003_Test@5c6648b0]" started-at="2024-01-04T12:40:36 IST" name="closeBrowser" finished-at="2024-01-04T12:40:36 IST" duration-ms="250" status="PASS">
          <reporter-output>
          </reporter-output>
        </test-method> <!-- closeBrowser -->
        <test-method is-config="true" signature="reportBackup()[pri:0, instance:shoppingcart.TC_DWS_003_Test@5c6648b0]" started-at="2024-01-04T12:40:36 IST" name="reportBackup" finished-at="2024-01-04T12:40:36 IST" duration-ms="305" status="PASS">
          <reporter-output>
          </reporter-output>
        </test-method> <!-- reportBackup -->
      </class> <!-- shoppingcart.TC_DWS_003_Test -->
    </test> <!-- Default test -->
  </suite> <!-- Default suite -->
</testng-results>
