<?xml version="1.0" encoding="UTF-8"?>
<!-- Generated by org.testng.reporters.JUnitXMLReporter -->
<testsuite ignored="2" hostname="Abhijith" failures="0" tests="2" name="Test" time="21.198" errors="0" timestamp="2024-01-04T12:44:46 IST">
  <testcase classname="login.TC_DWS_002_Test" name="loginTest" time="0.089"/>
  <testcase classname="shoppingcart.TC_DWS_003_Test" name="addToCart" time="5.562"/>
  <testcase classname="com.tyss.genericutility.BaseClass" name="@AfterSuite reportBackup" time="0.0">
    <ignored/>
  </testcase> <!-- @AfterSuite reportBackup -->
  <testcase classname="com.tyss.genericutility.BaseClass" name="@BeforeSuite configReports" time="0.0">
    <ignored/>
  </testcase> <!-- @BeforeSuite configReports -->
</testsuite> <!-- Test -->
