<?xml version="1.0" encoding="UTF-8"?>
<testng-results ignored="2" total="4" passed="2" failed="0" skipped="0">
  <reporter-output>
  </reporter-output>
  <suite started-at="2024-01-04T12:44:25 IST" name="Suite" finished-at="2024-01-04T12:44:46 IST" duration-ms="21198">
    <groups>
      <group name="system">
        <method signature="TC_DWS_002_Test.loginTest()[pri:0, instance:login.TC_DWS_002_Test@393671df]" name="loginTest" class="login.TC_DWS_002_Test"/>
        <method signature="TC_DWS_003_Test.addToCart()[pri:0, instance:shoppingcart.TC_DWS_003_Test@1ab3a8c8]" name="addToCart" class="shoppingcart.TC_DWS_003_Test"/>
      </group> <!-- system -->
    </groups>
    <test started-at="2024-01-04T12:44:25 IST" name="Test" finished-at="2024-01-04T12:44:46 IST" duration-ms="21198">
      <class name="shoppingcart.TC_DWS_003_Test">
        <test-method is-config="true" signature="launchBrowser(java.lang.String)[pri:0, instance:shoppingcart.TC_DWS_003_Test@1ab3a8c8]" started-at="2024-01-04T12:44:34 IST" name="launchBrowser" finished-at="2024-01-04T12:44:38 IST" duration-ms="3756" status="PASS">
          <params>
            <param index="0">
              <value>
                <![CDATA[chrome]]>
              </value>
            </param>
          </params>
          <reporter-output>
          </reporter-output>
        </test-method> <!-- launchBrowser -->
        <test-method is-config="true" signature="login(java.lang.reflect.Method)[pri:0, instance:shoppingcart.TC_DWS_003_Test@1ab3a8c8]" started-at="2024-01-04T12:44:38 IST" name="login" finished-at="2024-01-04T12:44:40 IST" duration-ms="1589" status="PASS">
          <params>
            <param index="0">
              <value>
                <![CDATA[public void shoppingcart.TC_DWS_003_Test.addToCart() throws org.apache.poi.EncryptedDocumentException,java.io.IOException]]>
              </value>
            </param>
          </params>
          <reporter-output>
          </reporter-output>
        </test-method> <!-- login -->
        <test-method signature="addToCart()[pri:0, instance:shoppingcart.TC_DWS_003_Test@1ab3a8c8]" started-at="2024-01-04T12:44:40 IST" name="addToCart" finished-at="2024-01-04T12:44:45 IST" duration-ms="5562" status="PASS">
          <reporter-output>
          </reporter-output>
        </test-method> <!-- addToCart -->
        <test-method is-config="true" signature="logout()[pri:0, instance:shoppingcart.TC_DWS_003_Test@1ab3a8c8]" started-at="2024-01-04T12:44:45 IST" name="logout" finished-at="2024-01-04T12:44:46 IST" duration-ms="752" status="PASS">
          <reporter-output>
          </reporter-output>
        </test-method> <!-- logout -->
        <test-method is-config="true" signature="closeBrowser()[pri:0, instance:shoppingcart.TC_DWS_003_Test@1ab3a8c8]" started-at="2024-01-04T12:44:46 IST" name="closeBrowser" finished-at="2024-01-04T12:44:46 IST" duration-ms="184" status="PASS">
          <reporter-output>
          </reporter-output>
        </test-method> <!-- closeBrowser -->
      </class> <!-- shoppingcart.TC_DWS_003_Test -->
      <class name="login.TC_DWS_002_Test">
        <test-method is-config="true" signature="configReports()[pri:0, instance:login.TC_DWS_002_Test@393671df]" started-at="2024-01-04T12:44:25 IST" name="configReports" finished-at="2024-01-04T12:44:25 IST" duration-ms="193" status="PASS">
          <reporter-output>
          </reporter-output>
        </test-method> <!-- configReports -->
        <test-method is-config="true" signature="launchBrowser(java.lang.String)[pri:0, instance:login.TC_DWS_002_Test@393671df]" started-at="2024-01-04T12:44:25 IST" name="launchBrowser" finished-at="2024-01-04T12:44:30 IST" duration-ms="5063" status="PASS">
          <params>
            <param index="0">
              <value>
                <![CDATA[chrome]]>
              </value>
            </param>
          </params>
          <reporter-output>
          </reporter-output>
        </test-method> <!-- launchBrowser -->
        <test-method is-config="true" signature="login(java.lang.reflect.Method)[pri:0, instance:login.TC_DWS_002_Test@393671df]" started-at="2024-01-04T12:44:30 IST" name="login" finished-at="2024-01-04T12:44:33 IST" duration-ms="2683" status="PASS">
          <params>
            <param index="0">
              <value>
                <![CDATA[public void login.TC_DWS_002_Test.loginTest() throws org.apache.poi.EncryptedDocumentException,java.io.IOException]]>
              </value>
            </param>
          </params>
          <reporter-output>
          </reporter-output>
        </test-method> <!-- login -->
        <test-method signature="loginTest()[pri:0, instance:login.TC_DWS_002_Test@393671df]" started-at="2024-01-04T12:44:33 IST" name="loginTest" finished-at="2024-01-04T12:44:33 IST" duration-ms="89" status="PASS">
          <reporter-output>
          </reporter-output>
        </test-method> <!-- loginTest -->
        <test-method is-config="true" signature="logout()[pri:0, instance:login.TC_DWS_002_Test@393671df]" started-at="2024-01-04T12:44:33 IST" name="logout" finished-at="2024-01-04T12:44:34 IST" duration-ms="1278" status="PASS">
          <reporter-output>
          </reporter-output>
        </test-method> <!-- logout -->
        <test-method is-config="true" signature="closeBrowser()[pri:0, instance:login.TC_DWS_002_Test@393671df]" started-at="2024-01-04T12:44:34 IST" name="closeBrowser" finished-at="2024-01-04T12:44:34 IST" duration-ms="184" status="PASS">
          <reporter-output>
          </reporter-output>
        </test-method> <!-- closeBrowser -->
        <test-method is-config="true" signature="reportBackup()[pri:0, instance:login.TC_DWS_002_Test@393671df]" started-at="2024-01-04T12:44:46 IST" name="reportBackup" finished-at="2024-01-04T12:44:46 IST" duration-ms="300" status="PASS">
          <reporter-output>
          </reporter-output>
        </test-method> <!-- reportBackup -->
      </class> <!-- login.TC_DWS_002_Test -->
    </test> <!-- Test -->
  </suite> <!-- Suite -->
</testng-results>
